<?xml version="1.0" encoding="UTF-8"?>
<testsuite xmlns:xsi="http://www.w3.org/2001/XMLSchema-instance" xsi:noNamespaceSchemaLocation="https://maven.apache.org/surefire/maven-surefire-plugin/xsd/surefire-test-report-3.0.xsd" version="3.0" name="org.adactin_runner.TestRunner" time="7.947" tests="5" errors="0" skipped="0" failures="0">
  <properties>
[...]
</properties>
  <testcase name="Given user should launch the hotel reservation application" classname="| thenmozhi123 | A58702 |" time="0.004"/>
  <testcase name="When User should enter valid username  &quot;thenmozhi123&quot;" classname="| thenmozhi123 | A58702 |" time="0"/>
  <testcase name="And user should enter valid password &quot;A58702&quot;" classname="| thenmozhi123 | A58702 |" time="0"/>
  <testcase name="Then User click the login button" classname="| thenmozhi123 | A58702 |" time="0"/>
  <testcase name="| thenmozhi123 | A58702 |" classname="| thenmozhi123 | A58702 |" time="0"/>
</testsuite>